<?xml version="1.0" encoding="UTF-8"?>
<testng-results skipped="0" failed="0" ignored="0" total="1" passed="1">
  <reporter-output>
  </reporter-output>
  <suite name="Default suite" duration-ms="51" started-at="2018-11-07T05:02:17Z" finished-at="2018-11-07T05:02:17Z">
    <groups>
    </groups>
    <test name="Default test" duration-ms="51" started-at="2018-11-07T05:02:17Z" finished-at="2018-11-07T05:02:17Z">
      <class name="LocalApplication.Tstng">
        <test-method status="PASS" signature="stng()[pri:0, instance:LocalApplication.Tstng@6cc4c815]" name="stng" duration-ms="12" started-at="2018-11-07T05:02:17Z" finished-at="2018-11-07T05:02:17Z">
          <reporter-output>
          </reporter-output>
        </test-method> <!-- stng -->
      </class> <!-- LocalApplication.Tstng -->
    </test> <!-- Default test -->
  </suite> <!-- Default suite -->
</testng-results>
