<?xml version="1.0" encoding="UTF-8"?>
<testng-results skipped="0" failed="0" ignored="0" total="1" passed="1">
  <reporter-output>
  </reporter-output>
  <suite name="Default suite" duration-ms="9954" started-at="2018-11-12T09:07:43Z" finished-at="2018-11-12T09:07:53Z">
    <groups>
    </groups>
    <test name="Default test" duration-ms="9954" started-at="2018-11-12T09:07:43Z" finished-at="2018-11-12T09:07:53Z">
      <class name="TestJen.TestJen.LoginApp">
        <test-method status="PASS" signature="page()[pri:0, instance:TestJen.TestJen.LoginApp@4520ebad]" name="page" duration-ms="9930" started-at="2018-11-12T09:07:43Z" finished-at="2018-11-12T09:07:53Z">
          <reporter-output>
          </reporter-output>
        </test-method> <!-- page -->
      </class> <!-- TestJen.TestJen.LoginApp -->
    </test> <!-- Default test -->
  </suite> <!-- Default suite -->
</testng-results>
