<?xml version="1.0" encoding="UTF-8"?>
<testng-results skipped="0" failed="0" ignored="0" total="1" passed="1">
  <reporter-output>
  </reporter-output>
  <suite name="Default suite" duration-ms="12923" started-at="2018-11-12T09:06:19Z" finished-at="2018-11-12T09:06:32Z">
    <groups>
    </groups>
    <test name="Default test" duration-ms="12923" started-at="2018-11-12T09:06:19Z" finished-at="2018-11-12T09:06:32Z">
      <class name="Loginpage.LoginPage">
        <test-method status="PASS" signature="page()[pri:0, instance:Loginpage.LoginPage@36d4b5c]" name="page" duration-ms="12891" started-at="2018-11-12T09:06:19Z" finished-at="2018-11-12T09:06:32Z">
          <reporter-output>
          </reporter-output>
        </test-method> <!-- page -->
      </class> <!-- Loginpage.LoginPage -->
    </test> <!-- Default test -->
  </suite> <!-- Default suite -->
</testng-results>
